<?xml version="1.0" encoding="UTF-8"?>
<!-- Generated by org.testng.reporters.JUnitReportReporter -->
<testsuite hostname="Anubhavkoul" failures="0" tests="1" name="Framework.NewProject.AppTest" time="2.435" errors="0" timestamp="2022-02-26T01:35:47 IST" skipped="0">
  <testcase classname="Framework.NewProject.AppTest" name="navigateToAnubhavHomePage" time="2.435"/>
  <system-out/>
</testsuite> <!-- Framework.NewProject.AppTest -->
