<?xml version="1.0" encoding="UTF-8"?>
<!-- Generated by org.testng.reporters.JUnitReportReporter -->
<testsuite hostname="Anubhavkoul" failures="0" tests="1" name="Framework.NewProject.AppTest" time="6.773" errors="0" timestamp="2022-02-23T01:22:04 IST" skipped="0">
  <testcase classname="Framework.NewProject.AppTest" name="navigateToAnubhavHomePage" time="6.773"/>
  <system-out/>
</testsuite> <!-- Framework.NewProject.AppTest -->
