<?xml version="1.0" encoding="UTF-8"?>
<!-- Generated by org.testng.reporters.JUnitReportReporter -->
<testsuite hostname="Anubhavkoul" failures="0" tests="1" name="Framework.NewProject.AboutPageTest" time="7.245" errors="0" timestamp="2022-03-04T00:59:03 IST" skipped="0">
  <testcase classname="Framework.NewProject.AboutPageTest" name="navigateToAnubhavHomePage" time="7.245"/>
  <system-out/>
</testsuite> <!-- Framework.NewProject.AboutPageTest -->
