<?xml version="1.0" encoding="UTF-8"?>
<!-- Generated by org.testng.reporters.JUnitReportReporter -->
<testsuite hostname="Anubhavkoul" failures="0" tests="1" name="Framework.NewProject.App" time="0.005" errors="0" timestamp="2022-02-23T01:10:45 IST" skipped="0">
  <testcase classname="Framework.NewProject.App" name="print" time="0.005"/>
  <system-out/>
</testsuite> <!-- Framework.NewProject.App -->
