<?xml version="1.0" encoding="UTF-8"?>
<!-- Generated by org.testng.reporters.JUnitReportReporter -->
<testsuite hostname="Anubhavkoul" failures="0" tests="1" name="Framework.NewProject.AboutPageTest" time="7.239" errors="0" timestamp="2022-02-28T01:29:27 IST" skipped="0">
  <testcase classname="Framework.NewProject.AboutPageTest" name="navigateToAnubhavHomePage" time="7.239"/>
  <system-out/>
</testsuite> <!-- Framework.NewProject.AboutPageTest -->
