<?xml version="1.0" encoding="UTF-8"?>
<!-- Generated by org.testng.reporters.JUnitReportReporter -->
<testsuite hostname="Anubhavkoul" failures="0" tests="1" name="Framework.NewProject.AboutPageTest" time="7.421" errors="0" timestamp="2022-02-27T01:18:17 IST" skipped="0">
  <testcase classname="Framework.NewProject.AboutPageTest" name="navigateToAnubhavHomePage" time="7.421"/>
  <system-out/>
</testsuite> <!-- Framework.NewProject.AboutPageTest -->
