<?xml version="1.0" encoding="UTF-8"?>
<!-- Generated by org.testng.reporters.JUnitReportReporter -->
<testsuite hostname="Anubhavkoul" failures="0" tests="1" name="Framework.NewProject.AppTest" time="8.094" errors="0" timestamp="2022-02-24T01:41:37 IST" skipped="0">
  <testcase classname="Framework.NewProject.AppTest" name="navigateToAnubhavHomePage" time="8.094"/>
  <system-out/>
</testsuite> <!-- Framework.NewProject.AppTest -->
